Determining if the pthread_create exist failed with the following output:
Change Dir: /home/alsarmi/Dropbox/KTH_Classes/Project_Course_Drone/dd2419_ws/build/aruco_msgs/CMakeFiles/CMakeTmp

Run Build Command:"/usr/bin/make" "cmTC_9e242/fast"
/usr/bin/make -f CMakeFiles/cmTC_9e242.dir/build.make CMakeFiles/cmTC_9e242.dir/build
make[1]: Entering directory '/home/alsarmi/Dropbox/KTH_Classes/Project_Course_Drone/dd2419_ws/build/aruco_msgs/CMakeFiles/CMakeTmp'
Building C object CMakeFiles/cmTC_9e242.dir/CheckSymbolExists.c.o
/usr/bin/cc    -o CMakeFiles/cmTC_9e242.dir/CheckSymbolExists.c.o   -c /home/alsarmi/Dropbox/KTH_Classes/Project_Course_Drone/dd2419_ws/build/aruco_msgs/CMakeFiles/CMakeTmp/CheckSymbolExists.c
Linking C executable cmTC_9e242
/usr/bin/cmake -E cmake_link_script CMakeFiles/cmTC_9e242.dir/link.txt --verbose=1
/usr/bin/cc      -rdynamic CMakeFiles/cmTC_9e242.dir/CheckSymbolExists.c.o  -o cmTC_9e242 
CMakeFiles/cmTC_9e242.dir/CheckSymbolExists.c.o: In function `main':
CheckSymbolExists.c:(.text+0x1b): undefined reference to `pthread_create'
collect2: error: ld returned 1 exit status
CMakeFiles/cmTC_9e242.dir/build.make:97: recipe for target 'cmTC_9e242' failed
make[1]: *** [cmTC_9e242] Error 1
make[1]: Leaving directory '/home/alsarmi/Dropbox/KTH_Classes/Project_Course_Drone/dd2419_ws/build/aruco_msgs/CMakeFiles/CMakeTmp'
Makefile:126: recipe for target 'cmTC_9e242/fast' failed
make: *** [cmTC_9e242/fast] Error 2

File /home/alsarmi/Dropbox/KTH_Classes/Project_Course_Drone/dd2419_ws/build/aruco_msgs/CMakeFiles/CMakeTmp/CheckSymbolExists.c:
/* */
#include <pthread.h>

int main(int argc, char** argv)
{
  (void)argv;
#ifndef pthread_create
  return ((int*)(&pthread_create))[argc];
#else
  (void)argc;
  return 0;
#endif
}

Determining if the function pthread_create exists in the pthreads failed with the following output:
Change Dir: /home/alsarmi/Dropbox/KTH_Classes/Project_Course_Drone/dd2419_ws/build/aruco_msgs/CMakeFiles/CMakeTmp

Run Build Command:"/usr/bin/make" "cmTC_f908d/fast"
/usr/bin/make -f CMakeFiles/cmTC_f908d.dir/build.make CMakeFiles/cmTC_f908d.dir/build
make[1]: Entering directory '/home/alsarmi/Dropbox/KTH_Classes/Project_Course_Drone/dd2419_ws/build/aruco_msgs/CMakeFiles/CMakeTmp'
Building C object CMakeFiles/cmTC_f908d.dir/CheckFunctionExists.c.o
/usr/bin/cc   -DCHECK_FUNCTION_EXISTS=pthread_create   -o CMakeFiles/cmTC_f908d.dir/CheckFunctionExists.c.o   -c /usr/share/cmake-3.10/Modules/CheckFunctionExists.c
Linking C executable cmTC_f908d
/usr/bin/cmake -E cmake_link_script CMakeFiles/cmTC_f908d.dir/link.txt --verbose=1
/usr/bin/cc  -DCHECK_FUNCTION_EXISTS=pthread_create    -rdynamic CMakeFiles/cmTC_f908d.dir/CheckFunctionExists.c.o  -o cmTC_f908d -lpthreads 
/usr/bin/ld: cannot find -lpthreads
collect2: error: ld returned 1 exit status
CMakeFiles/cmTC_f908d.dir/build.make:97: recipe for target 'cmTC_f908d' failed
make[1]: *** [cmTC_f908d] Error 1
make[1]: Leaving directory '/home/alsarmi/Dropbox/KTH_Classes/Project_Course_Drone/dd2419_ws/build/aruco_msgs/CMakeFiles/CMakeTmp'
Makefile:126: recipe for target 'cmTC_f908d/fast' failed
make: *** [cmTC_f908d/fast] Error 2


